0 info it worked if it ends with ok
1 verbose cli [ '/usr/local/bin/node',
1 verbose cli   '/usr/local/bin/npm',
1 verbose cli   'install',
1 verbose cli   '--save',
1 verbose cli   'async' ]
2 info using npm@2.7.4
3 info using node@v0.12.2
4 verbose node symlink /usr/local/bin/node
5 verbose install async is installed as 0.9.2
6 silly cache add args [ 'async@^0.9.2', null ]
7 verbose cache add spec async@^0.9.2
8 silly cache add parsed spec { raw: 'async@^0.9.2',
8 silly cache add   scope: null,
8 silly cache add   name: 'async',
8 silly cache add   rawSpec: '^0.9.2',
8 silly cache add   spec: '>=0.9.2 <0.10.0',
8 silly cache add   type: 'range' }
9 verbose addNamed async@>=0.9.2 <0.10.0
10 silly addNamed semver.valid null
11 silly addNamed semver.validRange >=0.9.2 <0.10.0
12 silly addNameRange { name: 'async', range: '>=0.9.2 <0.10.0', hasData: false }
13 silly mapToRegistry name async
14 silly mapToRegistry using default registry
15 silly mapToRegistry registry https://registry.npmjs.org/
16 silly mapToRegistry uri https://registry.npmjs.org/async
17 verbose addNameRange registry:https://registry.npmjs.org/async not in flight; fetching
18 verbose get https://registry.npmjs.org/async not expired, no request
19 silly addNameRange number 2 { name: 'async', range: '>=0.9.2 <0.10.0', hasData: true }
20 silly addNameRange versions [ 'async',
20 silly addNameRange   [ '0.1.0',
20 silly addNameRange     '0.1.1',
20 silly addNameRange     '0.1.2',
20 silly addNameRange     '0.1.3',
20 silly addNameRange     '0.1.4',
20 silly addNameRange     '0.1.5',
20 silly addNameRange     '0.1.6',
20 silly addNameRange     '0.1.7',
20 silly addNameRange     '0.1.8',
20 silly addNameRange     '0.1.9',
20 silly addNameRange     '0.1.10',
20 silly addNameRange     '0.1.11',
20 silly addNameRange     '0.1.12',
20 silly addNameRange     '0.1.13',
20 silly addNameRange     '0.1.14',
20 silly addNameRange     '0.1.15',
20 silly addNameRange     '0.1.16',
20 silly addNameRange     '0.1.17',
20 silly addNameRange     '0.1.18',
20 silly addNameRange     '0.1.19',
20 silly addNameRange     '0.1.20',
20 silly addNameRange     '0.1.21',
20 silly addNameRange     '0.1.22',
20 silly addNameRange     '0.2.0',
20 silly addNameRange     '0.2.1',
20 silly addNameRange     '0.2.2',
20 silly addNameRange     '0.2.3',
20 silly addNameRange     '0.2.4',
20 silly addNameRange     '0.2.5',
20 silly addNameRange     '0.2.6',
20 silly addNameRange     '0.2.7',
20 silly addNameRange     '0.2.8',
20 silly addNameRange     '0.2.9',
20 silly addNameRange     '0.2.10',
20 silly addNameRange     '0.3.0',
20 silly addNameRange     '0.4.0',
20 silly addNameRange     '0.4.1',
20 silly addNameRange     '0.5.0',
20 silly addNameRange     '0.6.0',
20 silly addNameRange     '0.6.1',
20 silly addNameRange     '0.6.2',
20 silly addNameRange     '0.7.0',
20 silly addNameRange     '0.8.0',
20 silly addNameRange     '0.9.0',
20 silly addNameRange     '0.9.2',
20 silly addNameRange     '1.0.0',
20 silly addNameRange     '1.1.0',
20 silly addNameRange     '1.2.0',
20 silly addNameRange     '1.1.1',
20 silly addNameRange     '1.2.1' ] ]
21 verbose addNamed async@0.9.2
22 silly addNamed semver.valid 0.9.2
23 silly addNamed semver.validRange 0.9.2
24 silly cache afterAdd async@0.9.2
25 verbose afterAdd /Users/ericglomstad/.npm/async/0.9.2/package/package.json not in flight; writing
26 verbose afterAdd /Users/ericglomstad/.npm/async/0.9.2/package/package.json written
27 silly install resolved [ { name: 'async',
27 silly install resolved     description: 'Higher-order functions and common patterns for asynchronous code',
27 silly install resolved     main: 'lib/async.js',
27 silly install resolved     author: { name: 'Caolan McMahon' },
27 silly install resolved     version: '0.9.2',
27 silly install resolved     keywords: [ 'async', 'callback', 'utility', 'module' ],
27 silly install resolved     repository: { type: 'git', url: 'git+https://github.com/caolan/async.git' },
27 silly install resolved     bugs: { url: 'https://github.com/caolan/async/issues' },
27 silly install resolved     license: 'MIT',
27 silly install resolved     devDependencies:
27 silly install resolved      { nodeunit: '>0.0.0',
27 silly install resolved        'uglify-js': '1.2.x',
27 silly install resolved        nodelint: '>0.0.0',
27 silly install resolved        lodash: '>=2.4.1' },
27 silly install resolved     jam: { main: 'lib/async.js', include: [Object], categories: [Object] },
27 silly install resolved     scripts: { test: 'nodeunit test/test-async.js' },
27 silly install resolved     spm: { main: 'lib/async.js' },
27 silly install resolved     volo: { main: 'lib/async.js', ignore: [Object] },
27 silly install resolved     gitHead: 'de3a16091d5125384eff4a54deb3998b13c3814c',
27 silly install resolved     homepage: 'https://github.com/caolan/async#readme',
27 silly install resolved     _id: 'async@0.9.2',
27 silly install resolved     _shasum: 'aea74d5e61c1f899613bf64bda66d4c78f2fd17d',
27 silly install resolved     _from: 'async@>=0.9.2 <0.10.0',
27 silly install resolved     _npmVersion: '2.9.0',
27 silly install resolved     _nodeVersion: '2.0.1',
27 silly install resolved     _npmUser: { name: 'beaugunderson', email: 'beau@beaugunderson.com' },
27 silly install resolved     maintainers: [ [Object], [Object] ],
27 silly install resolved     dist:
27 silly install resolved      { shasum: 'aea74d5e61c1f899613bf64bda66d4c78f2fd17d',
27 silly install resolved        tarball: 'http://registry.npmjs.org/async/-/async-0.9.2.tgz' },
27 silly install resolved     directories: {},
27 silly install resolved     _resolved: 'https://registry.npmjs.org/async/-/async-0.9.2.tgz',
27 silly install resolved     readme: 'ERROR: No README data found!' } ]
28 info install async@0.9.2 into /Users/ericglomstad/Projects/expressjs-ptt-server
29 info installOne async@0.9.2
30 verbose installOne of async to /Users/ericglomstad/Projects/expressjs-ptt-server not in flight; installing
31 warn locking Error: EACCES, open '/Users/ericglomstad/.npm/_locks/async-8ba87f1e1972d864.lock'
31 warn locking     at Error (native)
31 warn locking  /Users/ericglomstad/.npm/_locks/async-8ba87f1e1972d864.lock failed { [Error: EACCES, open '/Users/ericglomstad/.npm/_locks/async-8ba87f1e1972d864.lock']
31 warn locking   errno: -13,
31 warn locking   code: 'EACCES',
31 warn locking   path: '/Users/ericglomstad/.npm/_locks/async-8ba87f1e1972d864.lock' }
32 verbose stack Error: Attempt to unlock /Users/ericglomstad/Projects/expressjs-ptt-server/node_modules/async, which hasn't been locked
32 verbose stack     at unlock (/usr/local/lib/node_modules/npm/lib/utils/locker.js:66:11)
32 verbose stack     at cb (/usr/local/lib/node_modules/npm/lib/install.js:1004:5)
32 verbose stack     at /usr/local/lib/node_modules/npm/lib/install.js:1008:20
32 verbose stack     at /usr/local/lib/node_modules/npm/lib/utils/locker.js:40:9
32 verbose stack     at cb (/usr/local/lib/node_modules/npm/node_modules/lockfile/lockfile.js:149:38)
32 verbose stack     at /usr/local/lib/node_modules/npm/node_modules/lockfile/lockfile.js:177:38
32 verbose stack     at FSReqWrap.oncomplete (fs.js:95:15)
33 verbose cwd /Users/ericglomstad/Projects/expressjs-ptt-server
34 error Darwin 14.3.0
35 error argv "/usr/local/bin/node" "/usr/local/bin/npm" "install" "--save" "async"
36 error node v0.12.2
37 error npm  v2.7.4
38 error Attempt to unlock /Users/ericglomstad/Projects/expressjs-ptt-server/node_modules/async, which hasn't been locked
39 error If you need help, you may report this error at:
39 error     <https://github.com/npm/npm/issues>
40 verbose exit [ 1, true ]
